#
# A fatal error has been detected by the Java Runtime Environment:
#
#  EXCEPTION_ACCESS_VIOLATION (0xc0000005) at pc=0x0000000050fcd279, pid=8044, tid=0x0000000000001abc
#
# JRE version: Java(TM) SE Runtime Environment (8.0_111-b14) (build 1.8.0_111-b14)
# Java VM: Java HotSpot(TM) 64-Bit Server VM (25.111-b14 mixed mode windows-amd64 compressed oops)
# Problematic frame:
# C  [jfxwebkit.dll+0xd6d279]
#
# Failed to write core dump. Minidumps are not enabled by default on client versions of Windows
#
# If you would like to submit a bug report, please visit:
#   http://bugreport.java.com/bugreport/crash.jsp
# The crash happened outside the Java Virtual Machine in native code.
# See problematic frame for where to report the bug.
#

---------------  T H R E A D  ---------------

Current thread (0x000000001aa88000):  JavaThread "JavaFX Application Thread" [_thread_in_native, id=6844, stack(0x000000001b590000,0x000000001b690000)]

siginfo: ExceptionCode=0xc0000005, writing address 0x000000000000a1b0

Registers:
RAX=0x0000000024200000, RBX=0x0000000020eaff30, RCX=0x0000000020eaff30, RDX=0x0000000020eaff30
RSP=0x000000001b68b850, RBP=0x000000001b68b9b0, RSI=0x0000000000000000, RDI=0x000000001b68bc90
R8 =0x0000000038a3c070, R9 =0xffff000000000000, R10=0x0000000000000000, R11=0xffff000000000002
R12=0x0000000020eaff30, R13=0x0000000020ea0220, R14=0x0000000000000000, R15=0x0000000038a3c070
RIP=0x0000000050fcd279, EFLAGS=0x0000000000010206

Top of Stack: (sp=0x000000001b68b850)
0x000000001b68b850:   0000000020025fd0 0000000050fcfd0c
0x000000001b68b860:   0000000035680190 0000000038a3c060
0x000000001b68b870:   000000001b68b9f0 0000000020eaff20
0x000000001b68b880:   0000000038a3c048 0000000000000000
0x000000001b68b890:   0000000020ea0220 0000000020eaff30
0x000000001b68b8a0:   0000000000000005 0000000050fc4ac2
0x000000001b68b8b0:   0000000038a3c070 000000001b68b9b0
0x000000001b68b8c0:   0000000000000000 0000000000000003
0x000000001b68b8d0:   0000000038a3c060 0000000000000000
0x000000001b68b8e0:   0000000038a3c070 0000000000001f72
0x000000001b68b8f0:   0000000000000085 0000000020eaff30
0x000000001b68b900:   0000000020eaff30 0000000050e9f406
0x000000001b68b910:   badbeef00000007d 00000000011f0cc0
0x000000001b68b920:   000000002321abc0 0000000053aa63ac
0x000000001b68b930:   00000000829e9730 00000000daf11cb8
0x000000001b68b940:   0000000000000410 0000000000000004 

Instructions: (pc=0x0000000050fcd279)
0x0000000050fcd259:   83 ec 30 48 8b 42 18 48 8b da 48 8b f9 48 25 00
0x0000000050fcd269:   00 ff ff 48 8b cb 4d 8b f8 48 8b b0 68 04 00 00
0x0000000050fcd279:   48 89 96 b0 a1 00 00 49 8d 50 08 e8 37 b0 e5 ff
0x0000000050fcd289:   4c 8b 73 10 49 63 6f 10 41 8b 86 84 01 00 00 4c 


Register to memory mapping:

RAX=0x0000000024200000 is an unknown value
RBX=0x0000000020eaff30 is an unknown value
RCX=0x0000000020eaff30 is an unknown value
RDX=0x0000000020eaff30 is an unknown value
RSP=0x000000001b68b850 is pointing into the stack for thread: 0x000000001aa88000
RBP=0x000000001b68b9b0 is pointing into the stack for thread: 0x000000001aa88000
RSI=0x0000000000000000 is an unknown value
RDI=0x000000001b68bc90 is pointing into the stack for thread: 0x000000001aa88000
R8 =0x0000000038a3c070 is an unknown value
R9 =0xffff000000000000 is an unknown value
R10=0x0000000000000000 is an unknown value
R11=0xffff000000000002 is an unknown value
R12=0x0000000020eaff30 is an unknown value
R13=0x0000000020ea0220 is an unknown value
R14=0x0000000000000000 is an unknown value
R15=0x0000000038a3c070 is an unknown value


Stack: [0x000000001b590000,0x000000001b690000],  sp=0x000000001b68b850,  free space=1006k
Native frames: (J=compiled Java code, j=interpreted, Vv=VM code, C=native code)
C  [jfxwebkit.dll+0xd6d279]
C  [jfxwebkit.dll+0xd64ac2]
C  [jfxwebkit.dll+0xd314b3]
C  [jfxwebkit.dll+0xc371de]
C  [jfxwebkit.dll+0xc34683]
C  [jfxwebkit.dll+0xbd0b0e]
C  [jfxwebkit.dll+0x4453e1]
C  [jfxwebkit.dll+0x452574]
C  [jfxwebkit.dll+0x452496]
C  [jfxwebkit.dll+0x5d3563]
C  [jfxwebkit.dll+0x6fbe7a]
C  [jfxwebkit.dll+0x6fbc71]
C  [jfxwebkit.dll+0x6fbd46]
C  [jfxwebkit.dll+0x6f0f50]
C  [jfxwebkit.dll+0x78c4c3]
C  [jfxwebkit.dll+0x7c30de]
C  0x0000000002df7f74

Java frames: (J=compiled Java code, j=interpreted, Vv=VM code)
j  com.sun.webkit.network.URLLoader.twkDidFinishLoading(J)V+0
j  com.sun.webkit.network.URLLoader.notifyDidFinishLoading()V+44
j  com.sun.webkit.network.URLLoader.lambda$didFinishLoading$99()V+8
j  com.sun.webkit.network.URLLoader$$Lambda$168.run()V+4
J 3483 C1 com.sun.javafx.application.PlatformImpl$$Lambda$50.run()Ljava/lang/Object; (8 bytes) @ 0x000000000379040c [0x00000000037902c0+0x14c]
v  ~StubRoutines::call_stub
J 976  java.security.AccessController.doPrivileged(Ljava/security/PrivilegedAction;Ljava/security/AccessControlContext;)Ljava/lang/Object; (0 bytes) @ 0x0000000003164566 [0x0000000003164500+0x66]
J 3480 C1 com.sun.javafx.application.PlatformImpl.lambda$runLater$174(Ljava/lang/Runnable;Ljava/security/AccessControlContext;)V (38 bytes) @ 0x000000000378f90c [0x000000000378f5a0+0x36c]
J 3242 C1 com.sun.javafx.application.PlatformImpl$$Lambda$49.run()V (12 bytes) @ 0x0000000003698d44 [0x0000000003698cc0+0x84]
J 5020 C2 com.sun.glass.ui.InvokeLaterDispatcher$Future.run()V (91 bytes) @ 0x0000000003b52688 [0x0000000003b52640+0x48]
v  ~StubRoutines::call_stub
j  com.sun.glass.ui.win.WinApplication._runLoop(Ljava/lang/Runnable;)V+0
j  com.sun.glass.ui.win.WinApplication.lambda$null$148(ILjava/lang/Runnable;)V+8
j  com.sun.glass.ui.win.WinApplication$$Lambda$38.run()V+12
j  java.lang.Thread.run()V+11
v  ~StubRoutines::call_stub

---------------  P R O C E S S  ---------------

Java Threads: ( => current thread )
  0x00000000213ac800 JavaThread "Thread-1711" daemon [_thread_in_native, id=10056, stack(0x000000002dbb0000,0x000000002dcb0000)]
  0x00000000213a4000 JavaThread "Keep-Alive-Timer" daemon [_thread_blocked, id=5968, stack(0x0000000023f50000,0x0000000024050000)]
  0x00000000213a5800 JavaThread "URL-Loader-23" daemon [_thread_blocked, id=4128, stack(0x00000000240f0000,0x00000000241f0000)]
  0x00000000213a7000 JavaThread "URL-Loader-22" daemon [_thread_blocked, id=8248, stack(0x0000000023770000,0x0000000023870000)]
  0x00000000213a4800 JavaThread "URL-Loader-21" daemon [_thread_blocked, id=2848, stack(0x0000000024750000,0x0000000024850000)]
  0x00000000213aa000 JavaThread "JFXMedia Player EventQueueThread" daemon [_thread_blocked, id=2000, stack(0x000000002d840000,0x000000002d940000)]
  0x000000002157c800 JavaThread "Media Resource Disposer" daemon [_thread_blocked, id=7060, stack(0x000000002f550000,0x000000002f650000)]
  0x000000002157a800 JavaThread "Prism Font Disposer" daemon [_thread_blocked, id=2264, stack(0x0000000028ff0000,0x00000000290f0000)]
  0x0000000021573000 JavaThread "Thread-5" daemon [_thread_in_native, id=3700, stack(0x0000000027850000,0x0000000027950000)]
  0x0000000019de8800 JavaThread "URL-Loader-10" daemon [_thread_blocked, id=6892, stack(0x0000000024850000,0x0000000024950000)]
  0x0000000021243000 JavaThread "Watchdog-Timer-1" daemon [_thread_blocked, id=3924, stack(0x0000000023dd0000,0x0000000023ed0000)]
  0x000000001ad39000 JavaThread "Disposer" daemon [_thread_blocked, id=2344, stack(0x0000000020f10000,0x0000000021010000)]
  0x000000001ab73000 JavaThread "JavaFX-Launcher" [_thread_blocked, id=2832, stack(0x0000000020660000,0x0000000020760000)]
  0x000000001ab36800 JavaThread "Thread-2" daemon [_thread_in_native, id=4952, stack(0x0000000020160000,0x0000000020260000)]
  0x000000001ab61800 JavaThread "Abandoned connection cleanup thread" daemon [_thread_blocked, id=8548, stack(0x0000000020260000,0x0000000020360000)]
=>0x000000001aa88000 JavaThread "JavaFX Application Thread" [_thread_in_native, id=6844, stack(0x000000001b590000,0x000000001b690000)]
  0x000000001aa7c800 JavaThread "Thread-1" daemon [_thread_blocked, id=1096, stack(0x000000001b490000,0x000000001b590000)]
  0x000000001aa62800 JavaThread "QuantumRenderer-0" daemon [_thread_blocked, id=8724, stack(0x000000001b200000,0x000000001b300000)]
  0x0000000019c55800 JavaThread "Service Thread" daemon [_thread_blocked, id=7860, stack(0x000000001a800000,0x000000001a900000)]
  0x0000000019c34800 JavaThread "C1 CompilerThread3" daemon [_thread_blocked, id=416, stack(0x000000001a700000,0x000000001a800000)]
  0x0000000019c30800 JavaThread "C2 CompilerThread2" daemon [_thread_blocked, id=8128, stack(0x000000001a600000,0x000000001a700000)]
  0x0000000019c2c000 JavaThread "C2 CompilerThread1" daemon [_thread_blocked, id=7884, stack(0x000000001a500000,0x000000001a600000)]
  0x0000000019c27800 JavaThread "C2 CompilerThread0" daemon [_thread_blocked, id=8504, stack(0x000000001a400000,0x000000001a500000)]
  0x0000000019c26800 JavaThread "Attach Listener" daemon [_thread_blocked, id=2884, stack(0x000000001a300000,0x000000001a400000)]
  0x0000000017d2e000 JavaThread "Signal Dispatcher" daemon [_thread_blocked, id=10068, stack(0x000000001a200000,0x000000001a300000)]
  0x0000000019c20800 JavaThread "Finalizer" daemon [_thread_blocked, id=1424, stack(0x000000001a000000,0x000000001a100000)]
  0x0000000002dd6000 JavaThread "Reference Handler" daemon [_thread_blocked, id=704, stack(0x0000000019b00000,0x0000000019c00000)]
  0x0000000002ce1000 JavaThread "main" [_thread_blocked, id=4120, stack(0x0000000002be0000,0x0000000002ce0000)]

Other Threads:
  0x0000000017d19800 VMThread [stack: 0x0000000019a00000,0x0000000019b00000] [id=1820]
  0x0000000019c58800 WatcherThread [stack: 0x000000001a900000,0x000000001aa00000] [id=5436]

VM state:not at safepoint (normal execution)

VM Mutex/Monitor currently owned by a thread: None

Heap:
 PSYoungGen      total 333312K, used 110502K [0x00000000d6180000, 0x00000000eb780000, 0x0000000100000000)
  eden space 324608K, 33% used [0x00000000d6180000,0x00000000dca9b540,0x00000000e9e80000)
  from space 8704K, 33% used [0x00000000eaf00000,0x00000000eb1ce428,0x00000000eb780000)
  to   space 12800K, 0% used [0x00000000e9e80000,0x00000000e9e80000,0x00000000eab00000)
 ParOldGen       total 51712K, used 15824K [0x0000000082400000, 0x0000000085680000, 0x00000000d6180000)
  object space 51712K, 30% used [0x0000000082400000,0x0000000083374328,0x0000000085680000)
 Metaspace       used 25648K, capacity 26572K, committed 26624K, reserved 1073152K
  class space    used 3104K, capacity 3325K, committed 3328K, reserved 1048576K

Card table byte_map: [0x00000000121a0000,0x0000000012590000] byte_map_base: 0x0000000011d8e000

Marking Bits: (ParMarkBitMap*) 0x000000005402a6c0
 Begin Bits: [0x0000000013030000, 0x0000000014fa0000)
 End Bits:   [0x0000000014fa0000, 0x0000000016f10000)

Polling page: 0x0000000002b80000

CodeCache: size=245760Kb used=13788Kb max_used=13801Kb free=231971Kb
 bounds [0x0000000002de0000, 0x0000000003b70000, 0x0000000011de0000]
 total_blobs=5179 nmethods=4338 adapters=752
 compilation: enabled

Compilation events (10 events):
Event: 39.471 Thread 0x0000000019c2c000 5022       4       com.sun.javafx.geom.RectBounds::contains (70 bytes)
Event: 39.473 Thread 0x0000000019c2c000 nmethod 5022 0x0000000003508d50 code [0x0000000003508ea0, 0x0000000003509038]
Event: 39.505 Thread 0x0000000019c30800 5023   !   4       sun.security.ssl.CipherBox::applyExplicitNonce (276 bytes)
Event: 39.520 Thread 0x0000000019c30800 nmethod 5023 0x0000000003b635d0 code [0x0000000003b63800, 0x0000000003b64940]
Event: 40.010 Thread 0x0000000019c27800 5024       4       com.sun.javafx.webkit.prism.WCGraphicsPrismContext::setClip (299 bytes)
Event: 40.058 Thread 0x0000000019c2c000 5025       4       com.sun.scenario.animation.AbstractMasterTimer::nanos (37 bytes)
Event: 40.061 Thread 0x0000000019c2c000 nmethod 5025 0x00000000030b0090 code [0x00000000030b01c0, 0x00000000030b0278]
Event: 40.084 Thread 0x0000000019c27800 nmethod 5024 0x0000000003b65b10 code [0x0000000003b65e60, 0x0000000003b684d0]
Event: 40.114 Thread 0x0000000019c30800 5026   !   4       sun.security.ssl.InputRecord::decrypt (303 bytes)
Event: 40.121 Thread 0x0000000019c30800 nmethod 5026 0x0000000003b5b8d0 code [0x0000000003b5baa0, 0x0000000003b5c2a8]

GC Heap History (10 events):
Event: 8.609 GC heap before
{Heap before GC invocations=7 (full 1):
 PSYoungGen      total 61952K, used 57643K [0x00000000d6180000, 0x00000000ddf80000, 0x0000000100000000)
  eden space 56832K, 99% used [0x00000000d6180000,0x00000000d98e2010,0x00000000d9900000)
  from space 5120K, 18% used [0x00000000d9900000,0x00000000d99e8c90,0x00000000d9e00000)
  to   space 9216K, 0% used [0x00000000dd680000,0x00000000dd680000,0x00000000ddf80000)
 ParOldGen       total 51712K, used 7553K [0x0000000082400000, 0x0000000085680000, 0x00000000d6180000)
  object space 51712K, 14% used [0x0000000082400000,0x0000000082b605d0,0x0000000085680000)
 Metaspace       used 21124K, capacity 21860K, committed 22144K, reserved 1069056K
  class space    used 2719K, capacity 2905K, committed 2944K, reserved 1048576K
Event: 8.610 GC heap after
Heap after GC invocations=7 (full 1):
 PSYoungGen      total 119808K, used 1006K [0x00000000d6180000, 0x00000000ddf00000, 0x0000000100000000)
  eden space 111104K, 0% used [0x00000000d6180000,0x00000000d6180000,0x00000000dce00000)
  from space 8704K, 11% used [0x00000000dd680000,0x00000000dd77bb70,0x00000000ddf00000)
  to   space 8704K, 0% used [0x00000000dce00000,0x00000000dce00000,0x00000000dd680000)
 ParOldGen       total 51712K, used 7553K [0x0000000082400000, 0x0000000085680000, 0x00000000d6180000)
  object space 51712K, 14% used [0x0000000082400000,0x0000000082b605d0,0x0000000085680000)
 Metaspace       used 21124K, capacity 21860K, committed 22144K, reserved 1069056K
  class space    used 2719K, capacity 2905K, committed 2944K, reserved 1048576K
}
Event: 9.306 GC heap before
{Heap before GC invocations=8 (full 1):
 PSYoungGen      total 119808K, used 112110K [0x00000000d6180000, 0x00000000ddf00000, 0x0000000100000000)
  eden space 111104K, 100% used [0x00000000d6180000,0x00000000dce00000,0x00000000dce00000)
  from space 8704K, 11% used [0x00000000dd680000,0x00000000dd77bb70,0x00000000ddf00000)
  to   space 8704K, 0% used [0x00000000dce00000,0x00000000dce00000,0x00000000dd680000)
 ParOldGen       total 51712K, used 7553K [0x0000000082400000, 0x0000000085680000, 0x00000000d6180000)
  object space 51712K, 14% used [0x0000000082400000,0x0000000082b605d0,0x0000000085680000)
 Metaspace       used 21540K, capacity 22276K, committed 22528K, reserved 1069056K
  class space    used 2759K, capacity 2949K, committed 3072K, reserved 1048576K
Event: 9.308 GC heap after
Heap after GC invocations=8 (full 1):
 PSYoungGen      total 119808K, used 2074K [0x00000000d6180000, 0x00000000e4400000, 0x0000000100000000)
  eden space 111104K, 0% used [0x00000000d6180000,0x00000000d6180000,0x00000000dce00000)
  from space 8704K, 23% used [0x00000000dce00000,0x00000000dd0068a0,0x00000000dd680000)
  to   space 8192K, 0% used [0x00000000e3c00000,0x00000000e3c00000,0x00000000e4400000)
 ParOldGen       total 51712K, used 7561K [0x0000000082400000, 0x0000000085680000, 0x00000000d6180000)
  object space 51712K, 14% used [0x0000000082400000,0x0000000082b625d0,0x0000000085680000)
 Metaspace       used 21540K, capacity 22276K, committed 22528K, reserved 1069056K
  class space    used 2759K, capacity 2949K, committed 3072K, reserved 1048576K
}
Event: 18.329 GC heap before
{Heap before GC invocations=9 (full 1):
 PSYoungGen      total 119808K, used 113174K [0x00000000d6180000, 0x00000000e4400000, 0x0000000100000000)
  eden space 111104K, 99% used [0x00000000d6180000,0x00000000dcdff070,0x00000000dce00000)
  from space 8704K, 23% used [0x00000000dce00000,0x00000000dd0068a0,0x00000000dd680000)
  to   space 8192K, 0% used [0x00000000e3c00000,0x00000000e3c00000,0x00000000e4400000)
 ParOldGen       total 51712K, used 7561K [0x0000000082400000, 0x0000000085680000, 0x00000000d6180000)
  object space 51712K, 14% used [0x0000000082400000,0x0000000082b625d0,0x0000000085680000)
 Metaspace       used 25110K, capacity 25986K, committed 26112K, reserved 1073152K
  class space    used 3093K, capacity 3310K, committed 3328K, reserved 1048576K
Event: 18.334 GC heap after
Heap after GC invocations=9 (full 1):
 PSYoungGen      total 221184K, used 8161K [0x00000000d6180000, 0x00000000e4780000, 0x0000000100000000)
  eden space 212992K, 0% used [0x00000000d6180000,0x00000000d6180000,0x00000000e3180000)
  from space 8192K, 99% used [0x00000000e3c00000,0x00000000e43f8440,0x00000000e4400000)
  to   space 10752K, 0% used [0x00000000e3180000,0x00000000e3180000,0x00000000e3c00000)
 ParOldGen       total 51712K, used 9449K [0x0000000082400000, 0x0000000085680000, 0x00000000d6180000)
  object space 51712K, 18% used [0x0000000082400000,0x0000000082d3a560,0x0000000085680000)
 Metaspace       used 25110K, capacity 25986K, committed 26112K, reserved 1073152K
  class space    used 3093K, capacity 3310K, committed 3328K, reserved 1048576K
}
Event: 23.820 GC heap before
{Heap before GC invocations=10 (full 1):
 PSYoungGen      total 221184K, used 221153K [0x00000000d6180000, 0x00000000e4780000, 0x0000000100000000)
  eden space 212992K, 100% used [0x00000000d6180000,0x00000000e3180000,0x00000000e3180000)
  from space 8192K, 99% used [0x00000000e3c00000,0x00000000e43f8440,0x00000000e4400000)
  to   space 10752K, 0% used [0x00000000e3180000,0x00000000e3180000,0x00000000e3c00000)
 ParOldGen       total 51712K, used 9449K [0x0000000082400000, 0x0000000085680000, 0x00000000d6180000)
  object space 51712K, 18% used [0x0000000082400000,0x0000000082d3a560,0x0000000085680000)
 Metaspace       used 25490K, capacity 26350K, committed 26624K, reserved 1073152K
  class space    used 3100K, capacity 3320K, committed 3328K, reserved 1048576K
Event: 23.825 GC heap after
Heap after GC invocations=10 (full 1):
 PSYoungGen      total 223744K, used 10736K [0x00000000d6180000, 0x00000000ebc00000, 0x0000000100000000)
  eden space 212992K, 0% used [0x00000000d6180000,0x00000000d6180000,0x00000000e3180000)
  from space 10752K, 99% used [0x00000000e3180000,0x00000000e3bfc098,0x00000000e3c00000)
  to   space 13312K, 0% used [0x00000000eaf00000,0x00000000eaf00000,0x00000000ebc00000)
 ParOldGen       total 51712K, used 10197K [0x0000000082400000, 0x0000000085680000, 0x00000000d6180000)
  object space 51712K, 19% used [0x0000000082400000,0x0000000082df55e0,0x0000000085680000)
 Metaspace       used 25490K, capacity 26350K, committed 26624K, reserved 1073152K
  class space    used 3100K, capacity 3320K, committed 3328K, reserved 1048576K
}
Event: 35.395 GC heap before
{Heap before GC invocations=11 (full 1):
 PSYoungGen      total 223744K, used 223728K [0x00000000d6180000, 0x00000000ebc00000, 0x0000000100000000)
  eden space 212992K, 100% used [0x00000000d6180000,0x00000000e3180000,0x00000000e3180000)
  from space 10752K, 99% used [0x00000000e3180000,0x00000000e3bfc098,0x00000000e3c00000)
  to   space 13312K, 0% used [0x00000000eaf00000,0x00000000eaf00000,0x00000000ebc00000)
 ParOldGen       total 51712K, used 10197K [0x0000000082400000, 0x0000000085680000, 0x00000000d6180000)
  object space 51712K, 19% used [0x0000000082400000,0x0000000082df55e0,0x0000000085680000)
 Metaspace       used 25645K, capacity 26572K, committed 26624K, reserved 1073152K
  class space    used 3104K, capacity 3325K, committed 3328K, reserved 1048576K
Event: 35.403 GC heap after
Heap after GC invocations=11 (full 1):
 PSYoungGen      total 333312K, used 2873K [0x00000000d6180000, 0x00000000eb780000, 0x0000000100000000)
  eden space 324608K, 0% used [0x00000000d6180000,0x00000000d6180000,0x00000000e9e80000)
  from space 8704K, 33% used [0x00000000eaf00000,0x00000000eb1ce428,0x00000000eb780000)
  to   space 12800K, 0% used [0x00000000e9e80000,0x00000000e9e80000,0x00000000eab00000)
 ParOldGen       total 51712K, used 15824K [0x0000000082400000, 0x0000000085680000, 0x00000000d6180000)
  object space 51712K, 30% used [0x0000000082400000,0x0000000083374328,0x0000000085680000)
 Metaspace       used 25645K, capacity 26572K, committed 26624K, reserved 1073152K
  class space    used 3104K, capacity 3325K, committed 3328K, reserved 1048576K
}

Deoptimization events (10 events):
Event: 18.671 Thread 0x000000001aa62800 Uncommon trap: reason=unstable_if action=reinterpret pc=0x0000000003889908 method=com.sun.javafx.geom.transform.AffineBase.updateState2D()V @ 95
Event: 18.726 Thread 0x000000001aa62800 Uncommon trap: reason=unstable_if action=reinterpret pc=0x000000000376da9c method=com.sun.scenario.effect.impl.ImagePool.checkOut(Lcom/sun/scenario/effect/impl/Renderer;II)Lcom/sun/scenario/effect/impl/PoolFilterable; @ 5
Event: 20.886 Thread 0x000000001aa88000 Uncommon trap: reason=null_check action=make_not_entrant pc=0x0000000003621984 method=javafx.scene.Node.getParent()Ljavafx/scene/Parent; @ 18
Event: 21.750 Thread 0x000000001aa62800 Uncommon trap: reason=class_check action=maybe_recompile pc=0x00000000039b1308 method=com.sun.webkit.graphics.GraphicsDecoder.decode(Lcom/sun/webkit/graphics/WCGraphicsManager;Lcom/sun/webkit/graphics/WCGraphicsContext;Lcom/sun/webkit/graphics/BufferData;
Event: 22.209 Thread 0x000000001aa62800 Uncommon trap: reason=class_check action=maybe_recompile pc=0x00000000039b1308 method=com.sun.webkit.graphics.GraphicsDecoder.decode(Lcom/sun/webkit/graphics/WCGraphicsManager;Lcom/sun/webkit/graphics/WCGraphicsContext;Lcom/sun/webkit/graphics/BufferData;
Event: 22.563 Thread 0x000000001aa62800 Uncommon trap: reason=unstable_if action=reinterpret pc=0x0000000003840c78 method=java.util.WeakHashMap.eq(Ljava/lang/Object;Ljava/lang/Object;)Z @ 2
Event: 22.667 Thread 0x000000001aa62800 Uncommon trap: reason=class_check action=maybe_recompile pc=0x00000000039b1308 method=com.sun.webkit.graphics.GraphicsDecoder.decode(Lcom/sun/webkit/graphics/WCGraphicsManager;Lcom/sun/webkit/graphics/WCGraphicsContext;Lcom/sun/webkit/graphics/BufferData;
Event: 23.256 Thread 0x000000001aa62800 Uncommon trap: reason=class_check action=maybe_recompile pc=0x00000000039b1308 method=com.sun.webkit.graphics.GraphicsDecoder.decode(Lcom/sun/webkit/graphics/WCGraphicsManager;Lcom/sun/webkit/graphics/WCGraphicsContext;Lcom/sun/webkit/graphics/BufferData;
Event: 26.304 Thread 0x000000001aa62800 Uncommon trap: reason=null_check action=make_not_entrant pc=0x0000000003aa6014 method=com.sun.prism.impl.GlyphCache.getCachedGlyph(II)Lcom/sun/prism/impl/GlyphCache$GlyphData; @ 28
Event: 28.033 Thread 0x000000001aa62800 Uncommon trap: reason=unstable_if action=reinterpret pc=0x0000000003ac1558 method=java.util.concurrent.locks.AbstractQueuedSynchronizer.acquireQueued(Ljava/util/concurrent/locks/AbstractQueuedSynchronizer$Node;I)Z @ 17

Internal exceptions (10 events):
Event: 19.354 Thread 0x0000000019dec800 Implicit null exception at 0x00000000032063d6 to 0x00000000032064c6
Event: 19.354 Thread 0x0000000019dec800 Exception <a 'java/lang/NullPointerException'> (0x00000000d6d66800) thrown at [C:\re\workspace\8-2-build-windows-amd64-cygwin\jdk8u111\7883\hotspot\src\share\vm\runtime\sharedRuntime.cpp, line 605]
Event: 19.386 Thread 0x00000000213aa000 Implicit null exception at 0x00000000032063d6 to 0x00000000032064c6
Event: 19.386 Thread 0x00000000213aa000 Exception <a 'java/lang/NullPointerException'> (0x00000000d6da5288) thrown at [C:\re\workspace\8-2-build-windows-amd64-cygwin\jdk8u111\7883\hotspot\src\share\vm\runtime\sharedRuntime.cpp, line 605]
Event: 19.418 Thread 0x00000000213a9800 Implicit null exception at 0x00000000032063d6 to 0x00000000032064c6
Event: 19.418 Thread 0x00000000213a9800 Exception <a 'java/lang/NullPointerException'> (0x00000000d6de3d10) thrown at [C:\re\workspace\8-2-build-windows-amd64-cygwin\jdk8u111\7883\hotspot\src\share\vm\runtime\sharedRuntime.cpp, line 605]
Event: 20.886 Thread 0x000000001aa88000 Implicit null exception at 0x00000000036218ea to 0x0000000003621979
Event: 21.910 Thread 0x000000001aa88000 Exception <a 'java/lang/ClassNotFoundException': sun/net/www/protocol/about/Handler> (0x00000000dda83388) thrown at [C:\re\workspace\8-2-build-windows-amd64-cygwin\jdk8u111\7883\hotspot\src\share\vm\classfile\systemDictionary.cpp, line 210]
Event: 22.831 Thread 0x000000001aa88000 Exception <a 'java/lang/ClassNotFoundException': sun/net/www/protocol/about/Handler> (0x00000000e06ab808) thrown at [C:\re\workspace\8-2-build-windows-amd64-cygwin\jdk8u111\7883\hotspot\src\share\vm\classfile\systemDictionary.cpp, line 210]
Event: 26.304 Thread 0x000000001aa62800 Implicit null exception at 0x0000000003aa5854 to 0x0000000003aa5fed

Events (10 events):
Event: 40.365 Thread 0x00000000213ad000 Thread added: 0x00000000213ad000
Event: 40.365 Thread 0x00000000213ad000 Thread exited: 0x00000000213ad000
Event: 40.399 Thread 0x00000000213a8800 Thread added: 0x00000000213a8800
Event: 40.399 Thread 0x00000000213a8800 Thread exited: 0x00000000213a8800
Event: 40.429 Thread 0x00000000213a8800 Thread added: 0x00000000213a8800
Event: 40.429 Thread 0x00000000213a8800 Thread exited: 0x00000000213a8800
Event: 40.467 Thread 0x00000000213ab000 Thread added: 0x00000000213ab000
Event: 40.467 Thread 0x00000000213ab000 Thread exited: 0x00000000213ab000
Event: 40.501 Thread 0x00000000213a9800 Thread added: 0x00000000213a9800
Event: 40.501 Thread 0x00000000213a9800 Thread exited: 0x00000000213a9800


Dynamic libraries:
0x00007ff7dc8c0000 - 0x00007ff7dc8f7000 	C:\Program Files\Java\jdk1.8.0_111\jre\bin\java.exe
0x00007ff8c61b0000 - 0x00007ff8c63a5000 	C:\WINDOWS\SYSTEM32\ntdll.dll
0x00007ff8c54c0000 - 0x00007ff8c557d000 	C:\WINDOWS\System32\KERNEL32.DLL
0x00007ff8c3af0000 - 0x00007ff8c3db9000 	C:\WINDOWS\System32\KERNELBASE.dll
0x00007ff8c42b0000 - 0x00007ff8c435c000 	C:\WINDOWS\System32\ADVAPI32.dll
0x00007ff8c46f0000 - 0x00007ff8c478e000 	C:\WINDOWS\System32\msvcrt.dll
0x00007ff8c53c0000 - 0x00007ff8c545c000 	C:\WINDOWS\System32\sechost.dll
0x00007ff8c5a20000 - 0x00007ff8c5b4b000 	C:\WINDOWS\System32\RPCRT4.dll
0x00007ff8c56a0000 - 0x00007ff8c5840000 	C:\WINDOWS\System32\USER32.dll
0x00007ff8c3f80000 - 0x00007ff8c3fa2000 	C:\WINDOWS\System32\win32u.dll
0x00007ff8c46c0000 - 0x00007ff8c46ea000 	C:\WINDOWS\System32\GDI32.dll
0x00007ff8c3e70000 - 0x00007ff8c3f7b000 	C:\WINDOWS\System32\gdi32full.dll
0x00007ff8c3940000 - 0x00007ff8c39dd000 	C:\WINDOWS\System32\msvcp_win.dll
0x00007ff8c3fb0000 - 0x00007ff8c40b0000 	C:\WINDOWS\System32\ucrtbase.dll
0x00007ff8a3180000 - 0x00007ff8a341a000 	C:\WINDOWS\WinSxS\amd64_microsoft.windows.common-controls_6595b64144ccf1df_6.0.19041.844_none_ca00b6081b84eb1d\COMCTL32.dll
0x00007ff8c5230000 - 0x00007ff8c5260000 	C:\WINDOWS\System32\IMM32.DLL
0x0000000053730000 - 0x0000000053802000 	C:\Program Files\Java\jdk1.8.0_111\jre\bin\msvcr100.dll
0x0000000053810000 - 0x00000000540aa000 	C:\Program Files\Java\jdk1.8.0_111\jre\bin\server\jvm.dll
0x00007ff8c52e0000 - 0x00007ff8c52e8000 	C:\WINDOWS\System32\PSAPI.DLL
0x00007ff8a5000000 - 0x00007ff8a5027000 	C:\WINDOWS\SYSTEM32\WINMM.dll
0x00007ff8c2210000 - 0x00007ff8c2219000 	C:\WINDOWS\SYSTEM32\WSOCK32.dll
0x00007ff8be450000 - 0x00007ff8be45a000 	C:\WINDOWS\SYSTEM32\VERSION.dll
0x00007ff8c52f0000 - 0x00007ff8c535b000 	C:\WINDOWS\System32\WS2_32.dll
0x00000000536e0000 - 0x00000000536ef000 	C:\Program Files\Java\jdk1.8.0_111\jre\bin\verify.dll
0x00000000536b0000 - 0x00000000536d9000 	C:\Program Files\Java\jdk1.8.0_111\jre\bin\java.dll
0x0000000053690000 - 0x00000000536a6000 	C:\Program Files\Java\jdk1.8.0_111\jre\bin\zip.dll
0x00007ff8c4790000 - 0x00007ff8c4ed2000 	C:\WINDOWS\System32\SHELL32.dll
0x00007ff8c18d0000 - 0x00007ff8c2060000 	C:\WINDOWS\SYSTEM32\windows.storage.dll
0x00007ff8c4360000 - 0x00007ff8c46b5000 	C:\WINDOWS\System32\combase.dll
0x00007ff8c3290000 - 0x00007ff8c32bc000 	C:\WINDOWS\SYSTEM32\Wldp.dll
0x00007ff8c5970000 - 0x00007ff8c5a1e000 	C:\WINDOWS\System32\SHCORE.dll
0x00007ff8c5360000 - 0x00007ff8c53b5000 	C:\WINDOWS\System32\shlwapi.dll
0x00007ff8c3830000 - 0x00007ff8c384f000 	C:\WINDOWS\SYSTEM32\profapi.dll
0x00007ff8aa3c0000 - 0x00007ff8aa4af000 	C:\Program Files\Java\jdk1.8.0_111\jre\bin\msvcr120.dll
0x00007ff8a9540000 - 0x00007ff8a95e6000 	C:\Program Files\Java\jdk1.8.0_111\jre\bin\msvcp120.dll
0x0000000052850000 - 0x0000000052872000 	C:\Program Files\Java\jdk1.8.0_111\jre\bin\prism_d3d.dll
0x00007ff88ec00000 - 0x00007ff88edcf000 	C:\WINDOWS\system32\d3d9.dll
0x00007ff8c2220000 - 0x00007ff8c2232000 	C:\WINDOWS\SYSTEM32\kernel.appcore.dll
0x00007ff8c1330000 - 0x00007ff8c135f000 	C:\WINDOWS\SYSTEM32\dwmapi.dll
0x00007ff8c0f80000 - 0x00007ff8c101e000 	C:\WINDOWS\system32\uxtheme.dll
0x00007ff8920c0000 - 0x00007ff892220000 	C:\WINDOWS\System32\DriverStore\FileRepository\iigd_dch.inf_amd64_a1e3111ee138b283\igdumdim64.dll
0x00007ff86ba90000 - 0x00007ff86f39e000 	C:\WINDOWS\System32\DriverStore\FileRepository\iigd_dch.inf_amd64_a1e3111ee138b283\igd9dxva64.dll
0x00007ff8c5840000 - 0x00007ff8c596a000 	C:\WINDOWS\System32\ole32.dll
0x00007ff8c5fe0000 - 0x00007ff8c60ad000 	C:\WINDOWS\System32\OLEAUT32.dll
0x00007ff8c5b50000 - 0x00007ff8c5fb9000 	C:\WINDOWS\System32\SETUPAPI.dll
0x00007ff8c38f0000 - 0x00007ff8c393e000 	C:\WINDOWS\System32\cfgmgr32.dll
0x00007ff8c39e0000 - 0x00007ff8c3a07000 	C:\WINDOWS\System32\bcrypt.dll
0x00007ff8b9a10000 - 0x00007ff8b9bb7000 	C:\WINDOWS\System32\DriverStore\FileRepository\iigd_dch.inf_amd64_a1e3111ee138b283\igdgmm64.dll
0x0000000052800000 - 0x0000000052843000 	C:\Program Files\Java\jdk1.8.0_111\jre\bin\glass.dll
0x00007ff8c50a0000 - 0x00007ff8c517a000 	C:\WINDOWS\System32\COMDLG32.dll
0x00007ff8c5580000 - 0x00007ff8c5695000 	C:\WINDOWS\System32\MSCTF.dll
0x00007ff8c3a70000 - 0x00007ff8c3af0000 	C:\WINDOWS\System32\bcryptPrimitives.dll
0x00007ff894970000 - 0x00007ff894998000 	C:\WINDOWS\System32\DriverStore\FileRepository\iigd_dch.inf_amd64_a1e3111ee138b283\igdinfo64.dll
0x00007ff8b7100000 - 0x00007ff8b9a07000 	C:\WINDOWS\System32\DriverStore\FileRepository\iigd_dch.inf_amd64_a1e3111ee138b283\igc64.dll
0x00007ff8bbae0000 - 0x00007ff8bbb1b000 	C:\WINDOWS\SYSTEM32\dxcore.dll
0x0000000053670000 - 0x000000005368a000 	C:\Program Files\Java\jdk1.8.0_111\jre\bin\net.dll
0x00007ff8c3010000 - 0x00007ff8c307a000 	C:\WINDOWS\system32\mswsock.dll
0x00007ff8c2d40000 - 0x00007ff8c2e0b000 	C:\WINDOWS\SYSTEM32\DNSAPI.dll
0x00007ff8c2d00000 - 0x00007ff8c2d3b000 	C:\WINDOWS\SYSTEM32\IPHLPAPI.DLL
0x00007ff8c5090000 - 0x00007ff8c5098000 	C:\WINDOWS\System32\NSI.dll
0x00007ff8b4c40000 - 0x00007ff8b4c4a000 	C:\Windows\System32\rasadhlp.dll
0x00007ff8b6910000 - 0x00007ff8b698f000 	C:\WINDOWS\System32\fwpuclnt.dll
0x0000000050260000 - 0x00000000527f1000 	C:\Program Files\Java\jdk1.8.0_111\jre\bin\jfxwebkit.dll
0x00007ff8c31e0000 - 0x00007ff8c31f8000 	C:\WINDOWS\SYSTEM32\CRYPTSP.dll
0x00007ff8c29b0000 - 0x00007ff8c29e4000 	C:\WINDOWS\system32\rsaenh.dll
0x00007ff8c3200000 - 0x00007ff8c320c000 	C:\WINDOWS\SYSTEM32\CRYPTBASE.dll
0x0000000050230000 - 0x0000000050253000 	C:\Program Files\Java\jdk1.8.0_111\jre\bin\javafx_iio.dll
0x0000000050210000 - 0x0000000050224000 	C:\Program Files\Java\jdk1.8.0_111\jre\bin\javafx_font.dll
0x00007ff8b3fb0000 - 0x00007ff8b422f000 	C:\WINDOWS\SYSTEM32\dwrite.dll
0x00007ff8c5180000 - 0x00007ff8c5229000 	C:\WINDOWS\System32\clbcatq.dll
0x00007ff8bd1e0000 - 0x00007ff8bd394000 	C:\WINDOWS\SYSTEM32\WindowsCodecs.dll
0x00007ff8a17b0000 - 0x00007ff8a17ee000 	C:\WINDOWS\system32\dataexchange.dll
0x00007ff8c01e0000 - 0x00007ff8c03c7000 	C:\WINDOWS\system32\dcomp.dll
0x00007ff8bf2a0000 - 0x00007ff8bf504000 	C:\WINDOWS\system32\d3d11.dll
0x00007ff8c2240000 - 0x00007ff8c2333000 	C:\WINDOWS\system32\dxgi.dll
0x00007ff8bd430000 - 0x00007ff8bd631000 	C:\WINDOWS\system32\twinapi.appcore.dll
0x00007ff8aac60000 - 0x00007ff8aac94000 	C:\Program Files\Common Files\Microsoft Shared\Ink\rtscom.dll
0x00007ff8b6c80000 - 0x00007ff8b6d7b000 	C:\WINDOWS\SYSTEM32\textinputframework.dll
0x00007ff8c0780000 - 0x00007ff8c0ade000 	C:\WINDOWS\System32\CoreUIComponents.dll
0x00007ff8c0ae0000 - 0x00007ff8c0bd2000 	C:\WINDOWS\System32\CoreMessaging.dll
0x00007ff8c2640000 - 0x00007ff8c2673000 	C:\WINDOWS\SYSTEM32\ntmarta.dll
0x00007ff8c0070000 - 0x00007ff8c01c4000 	C:\WINDOWS\SYSTEM32\wintypes.dll
0x0000000053650000 - 0x0000000053661000 	C:\Program Files\Java\jdk1.8.0_111\jre\bin\nio.dll
0x0000000052890000 - 0x00000000528b4000 	C:\Program Files\Java\jdk1.8.0_111\jre\bin\sunec.dll
0x00007ff8c37b0000 - 0x00007ff8c37de000 	C:\WINDOWS\SYSTEM32\USERENV.dll
0x00007ff8bd770000 - 0x00007ff8bd787000 	C:\WINDOWS\SYSTEM32\dhcpcsvc6.DLL
0x00007ff8bd9f0000 - 0x00007ff8bda0d000 	C:\WINDOWS\SYSTEM32\dhcpcsvc.DLL
0x0000000052880000 - 0x000000005288b000 	C:\Program Files\Java\jdk1.8.0_111\jre\bin\sunmscapi.dll
0x00007ff8c40b0000 - 0x00007ff8c420f000 	C:\WINDOWS\System32\CRYPT32.dll
0x0000000050190000 - 0x0000000050203000 	C:\Program Files\Java\jdk1.8.0_111\jre\bin\glib-lite.dll
0x00000000500f0000 - 0x000000005018c000 	C:\Program Files\Java\jdk1.8.0_111\jre\bin\gstreamer-lite.dll
0x00007ff8957b0000 - 0x00007ff89584c000 	C:\WINDOWS\SYSTEM32\DSOUND.dll
0x00007ff8c3760000 - 0x00007ff8c37ab000 	C:\WINDOWS\SYSTEM32\powrprof.dll
0x00007ff89ce90000 - 0x00007ff89ceb6000 	C:\WINDOWS\SYSTEM32\winmmbase.dll
0x00007ff8c3740000 - 0x00007ff8c3752000 	C:\WINDOWS\SYSTEM32\UMPDC.dll
0x00000000500c0000 - 0x00000000500e5000 	C:\Program Files\Java\jdk1.8.0_111\jre\bin\jfxmedia.dll
0x00000000534b0000 - 0x0000000053648000 	C:\Program Files\Java\jdk1.8.0_111\jre\bin\awt.dll
0x00007ff8c0e80000 - 0x00007ff8c0f10000 	C:\WINDOWS\SYSTEM32\apphelp.dll
0x00000000500a0000 - 0x00000000500b1000 	C:\Program Files\Java\jdk1.8.0_111\jre\bin\prism_common.dll
0x00007ff8c37e0000 - 0x00007ff8c381c000 	C:\WINDOWS\SYSTEM32\SspiCli.dll
0x0000000050060000 - 0x0000000050091000 	C:\Program Files\Java\jdk1.8.0_111\jre\bin\fxplugins.dll
0x00007ff894dd0000 - 0x00007ff89504b000 	C:\Windows\System32\msmpeg2vdec.dll
0x00007ff894ca0000 - 0x00007ff894dcd000 	C:\Windows\System32\mfperfhelper.dll
0x00007ff89b8b0000 - 0x00007ff89ba6c000 	C:\Windows\System32\MFPlat.DLL
0x00007ff89c530000 - 0x00007ff89c560000 	C:\Windows\System32\RTWorkQ.DLL
0x00007ff8b6770000 - 0x00007ff8b67a7000 	C:\Windows\System32\CompPkgSup.DLL
0x00007ff8ab220000 - 0x00007ff8ab366000 	C:\Windows\System32\Windows.StateRepositoryPS.dll
0x00007ff8a82f0000 - 0x00007ff8a83f7000 	C:\Windows\System32\msmpeg2adec.dll
0x00007ff8bdbd0000 - 0x00007ff8bdc55000 	C:\WINDOWS\System32\MMDevApi.dll
0x00007ff8c35d0000 - 0x00007ff8c35fc000 	C:\WINDOWS\System32\DEVOBJ.dll
0x00007ff8bdf20000 - 0x00007ff8be0a5000 	C:\WINDOWS\SYSTEM32\AUDIOSES.DLL
0x00007ff8c1020000 - 0x00007ff8c1034000 	C:\WINDOWS\SYSTEM32\resourcepolicyclient.dll
0x00007ff8bd760000 - 0x00007ff8bd76a000 	C:\WINDOWS\SYSTEM32\avrt.dll
0x00007ff891ef0000 - 0x00007ff8920c0000 	C:\Windows\System32\quartz.dll
0x00007ff8b6d80000 - 0x00007ff8b6ec1000 	C:\Windows\System32\Windows.UI.dll
0x00007ff8b6b20000 - 0x00007ff8b6c72000 	C:\Windows\System32\InputHost.dll
0x00007ff8bd640000 - 0x00007ff8bd6e1000 	C:\Windows\System32\WindowManagementAPI.dll
0x00007ff8beed0000 - 0x00007ff8befc7000 	C:\Windows\System32\PROPSYS.dll
0x00007ff8c16e0000 - 0x00007ff8c18c4000 	C:\WINDOWS\SYSTEM32\dbghelp.dll

VM Arguments:
jvm_args: -Dfile.encoding=UTF-8 
java_command: D:\Study\21\sd_new\myAssistant\dist\run2087996942\myAssistant.jar
java_class_path (initial): D:\Study\21\sd_new\myAssistant\dist\run2087996942\myAssistant.jar
Launcher Type: SUN_STANDARD

Environment Variables:
PATH=C:\Program Files (x86)\Common Files\Oracle\Java\javapath;C:\ProgramData\Oracle\Java\javapath;C:\WINDOWS\system32;C:\WINDOWS;C:\WINDOWS\System32\Wbem;C:\WINDOWS\System32\WindowsPowerShell\v1.0\;C:\WINDOWS\System32\OpenSSH\;C:\Program Files\Git\cmd;C:\Program Files\Java\jdk1.8.0_111\bin;C:\Program Files\Java\jre1.8.0_281\bin;C:\MinGW\bin;C:\Users\shabbir\AppData\Local\Programs\Python\Python39\Scripts\;C:\Users\shabbir\AppData\Local\Programs\Python\Python39\;C:\Users\shabbir\AppData\Local\Microsoft\WindowsApps;
USERNAME=shabbir
OS=Windows_NT
PROCESSOR_IDENTIFIER=Intel64 Family 6 Model 165 Stepping 3, GenuineIntel



---------------  S Y S T E M  ---------------

OS: Windows 10.0 , 64 bit Build 19041 (10.0.19041.804)

CPU:total 8 (4 cores per cpu, 2 threads per core) family 6 model 165 stepping 3, cmov, cx8, fxsr, mmx, sse, sse2, sse3, ssse3, sse4.1, sse4.2, popcnt, avx, avx2, aes, clmul, erms, 3dnowpref, lzcnt, ht, tsc, tscinvbit, bmi1, bmi2, adx

Memory: 4k page, physical 8234256k(2968944k free), swap 10200336k(3723728k free)

vm_info: Java HotSpot(TM) 64-Bit Server VM (25.111-b14) for windows-amd64 JRE (1.8.0_111-b14), built on Sep 22 2016 19:24:05 by "java_re" with MS VC++ 10.0 (VS2010)

time: Fri Mar 19 02:08:51 2021
elapsed time: 40 seconds (0d 0h 0m 40s)

