#
# A fatal error has been detected by the Java Runtime Environment:
#
#  EXCEPTION_ACCESS_VIOLATION (0xc0000005) at pc=0x000000005949d279, pid=7416, tid=0x00000000000031c8
#
# JRE version: Java(TM) SE Runtime Environment (8.0_111-b14) (build 1.8.0_111-b14)
# Java VM: Java HotSpot(TM) 64-Bit Server VM (25.111-b14 mixed mode windows-amd64 compressed oops)
# Problematic frame:
# C  [jfxwebkit.dll+0xd6d279]
#
# Failed to write core dump. Minidumps are not enabled by default on client versions of Windows
#
# If you would like to submit a bug report, please visit:
#   http://bugreport.java.com/bugreport/crash.jsp
# The crash happened outside the Java Virtual Machine in native code.
# See problematic frame for where to report the bug.
#

---------------  T H R E A D  ---------------

Current thread (0x000000001ae13000):  JavaThread "JavaFX Application Thread" [_thread_in_native, id=12744, stack(0x000000001b910000,0x000000001ba10000)]

siginfo: ExceptionCode=0xc0000005, writing address 0x000000000000a1b0

Registers:
RAX=0x0000000026040000, RBX=0x00000000211fff30, RCX=0x00000000211fff30, RDX=0x00000000211fff30
RSP=0x000000001ba0b600, RBP=0x000000001ba0b760, RSI=0x0000000000000000, RDI=0x000000001ba0ba40
R8 =0x0000000037a4b070, R9 =0xffff000000000000, R10=0x0000000000000000, R11=0xffff000000000002
R12=0x00000000211fff30, R13=0x00000000211f01c0, R14=0x0000000000000000, R15=0x0000000037a4b070
RIP=0x000000005949d279, EFLAGS=0x0000000000010206

Top of Stack: (sp=0x000000001ba0b600)
0x000000001ba0b600:   000000001ff43030 000000005949fd0c
0x000000001ba0b610:   000000002bb7b790 0000000037a4b060
0x000000001ba0b620:   000000001ba0b7a0 00000000211fff20
0x000000001ba0b630:   0000000037a4b048 0000000000000000
0x000000001ba0b640:   00000000211f01c0 00000000211fff30
0x000000001ba0b650:   0000000000000005 0000000059494ac2
0x000000001ba0b660:   0000000037a4b070 000000001ba0b760
0x000000001ba0b670:   0000000000000000 0000000000000003
0x000000001ba0b680:   0000000037a4b060 0000000000000000
0x000000001ba0b690:   0000000037a4b070 0000000000001f7e
0x000000001ba0b6a0:   0000000000000085 00000000211fff30
0x000000001ba0b6b0:   00000000211fff30 000000005936f406
0x000000001ba0b6c0:   badbeef00000007d 0000000000000000
0x000000001ba0b6d0:   000000002619cc20 000000005b2363ac
0x000000001ba0b6e0:   00000000840b4df8 00000000ee174350
0x000000001ba0b6f0:   00000000286b2740 0000000000000000 

Instructions: (pc=0x000000005949d279)
0x000000005949d259:   83 ec 30 48 8b 42 18 48 8b da 48 8b f9 48 25 00
0x000000005949d269:   00 ff ff 48 8b cb 4d 8b f8 48 8b b0 68 04 00 00
0x000000005949d279:   48 89 96 b0 a1 00 00 49 8d 50 08 e8 37 b0 e5 ff
0x000000005949d289:   4c 8b 73 10 49 63 6f 10 41 8b 86 84 01 00 00 4c 


Register to memory mapping:

RAX=0x0000000026040000 is an unknown value
RBX=0x00000000211fff30 is an unknown value
RCX=0x00000000211fff30 is an unknown value
RDX=0x00000000211fff30 is an unknown value
RSP=0x000000001ba0b600 is pointing into the stack for thread: 0x000000001ae13000
RBP=0x000000001ba0b760 is pointing into the stack for thread: 0x000000001ae13000
RSI=0x0000000000000000 is an unknown value
RDI=0x000000001ba0ba40 is pointing into the stack for thread: 0x000000001ae13000
R8 =0x0000000037a4b070 is an unknown value
R9 =0xffff000000000000 is an unknown value
R10=0x0000000000000000 is an unknown value
R11=0xffff000000000002 is an unknown value
R12=0x00000000211fff30 is an unknown value
R13=0x00000000211f01c0 is an unknown value
R14=0x0000000000000000 is an unknown value
R15=0x0000000037a4b070 is an unknown value


Stack: [0x000000001b910000,0x000000001ba10000],  sp=0x000000001ba0b600,  free space=1005k
Native frames: (J=compiled Java code, j=interpreted, Vv=VM code, C=native code)
C  [jfxwebkit.dll+0xd6d279]
C  [jfxwebkit.dll+0xd64ac2]
C  [jfxwebkit.dll+0xd314b3]
C  [jfxwebkit.dll+0xc371de]
C  [jfxwebkit.dll+0xc34683]
C  [jfxwebkit.dll+0xbd0b0e]
C  [jfxwebkit.dll+0x4453e1]
C  [jfxwebkit.dll+0x452574]
C  [jfxwebkit.dll+0x452496]
C  [jfxwebkit.dll+0x5d3563]
C  [jfxwebkit.dll+0x6fbe7a]
C  [jfxwebkit.dll+0x6fbc71]
C  [jfxwebkit.dll+0x6fbd46]
C  [jfxwebkit.dll+0x6f0f50]
C  [jfxwebkit.dll+0x78c4c3]
C  [jfxwebkit.dll+0x7c30de]
C  0x0000000003237f74

Java frames: (J=compiled Java code, j=interpreted, Vv=VM code)
j  com.sun.webkit.network.URLLoader.twkDidFinishLoading(J)V+0
j  com.sun.webkit.network.URLLoader.notifyDidFinishLoading()V+44
j  com.sun.webkit.network.URLLoader.lambda$didFinishLoading$99()V+8
j  com.sun.webkit.network.URLLoader$$Lambda$175.run()V+4
J 3532 C1 com.sun.javafx.application.PlatformImpl$$Lambda$50.run()Ljava/lang/Object; (8 bytes) @ 0x00000000039e3ecc [0x00000000039e3d80+0x14c]
v  ~StubRoutines::call_stub
J 1030  java.security.AccessController.doPrivileged(Ljava/security/PrivilegedAction;Ljava/security/AccessControlContext;)Ljava/lang/Object; (0 bytes) @ 0x00000000035bc866 [0x00000000035bc800+0x66]
J 3529 C1 com.sun.javafx.application.PlatformImpl.lambda$runLater$174(Ljava/lang/Runnable;Ljava/security/AccessControlContext;)V (38 bytes) @ 0x0000000003b6d64c [0x0000000003b6d2e0+0x36c]
J 3528 C1 com.sun.javafx.application.PlatformImpl$$Lambda$49.run()V (12 bytes) @ 0x00000000036cb584 [0x00000000036cb500+0x84]
J 4483 C2 com.sun.glass.ui.InvokeLaterDispatcher$Future.run()V (91 bytes) @ 0x0000000003e467c8 [0x0000000003e46780+0x48]
v  ~StubRoutines::call_stub
j  com.sun.glass.ui.win.WinApplication._runLoop(Ljava/lang/Runnable;)V+0
j  com.sun.glass.ui.win.WinApplication.lambda$null$148(ILjava/lang/Runnable;)V+8
j  com.sun.glass.ui.win.WinApplication$$Lambda$38.run()V+12
j  java.lang.Thread.run()V+11
v  ~StubRoutines::call_stub

---------------  P R O C E S S  ---------------

Java Threads: ( => current thread )
  0x0000000024ef4000 JavaThread "JFXMedia Player EventQueueThread" daemon [_thread_blocked, id=7944, stack(0x000000002ca50000,0x000000002cb50000)]
  0x0000000024efa000 JavaThread "Media Resource Disposer" daemon [_thread_blocked, id=6332, stack(0x000000002e4f0000,0x000000002e5f0000)]
  0x0000000024ef5000 JavaThread "Thread-5" daemon [_thread_in_native, id=11928, stack(0x0000000029890000,0x0000000029990000)]
  0x0000000024ef7000 JavaThread "URL-Loader-20" daemon [_thread_blocked, id=12924, stack(0x0000000027e90000,0x0000000027f90000)]
  0x0000000024eec800 JavaThread "Keep-Alive-SocketCleaner" daemon [_thread_blocked, id=5948, stack(0x0000000027cb0000,0x0000000027db0000)]
  0x0000000024ef1000 JavaThread "URL-Loader-15" daemon [_thread_blocked, id=13288, stack(0x00000000275b0000,0x00000000276b0000)]
  0x0000000024eed800 JavaThread "URL-Loader-10" daemon [_thread_blocked, id=10264, stack(0x0000000026690000,0x0000000026790000)]
  0x000000001b176800 JavaThread "Keep-Alive-Timer" daemon [_thread_blocked, id=1624, stack(0x0000000026490000,0x0000000026590000)]
  0x000000001b170000 JavaThread "URL-Loader-2" daemon [_thread_blocked, id=8832, stack(0x0000000025d90000,0x0000000025e90000)]
  0x000000001b175000 JavaThread "Watchdog-Timer-1" daemon [_thread_blocked, id=13240, stack(0x0000000025c10000,0x0000000025d10000)]
  0x000000001b33d000 JavaThread "Prism Font Disposer" daemon [_thread_blocked, id=8396, stack(0x0000000022eb0000,0x0000000022fb0000)]
  0x000000001b042800 JavaThread "Disposer" daemon [_thread_blocked, id=9876, stack(0x0000000021260000,0x0000000021360000)]
  0x000000001b073000 JavaThread "JavaFX-Launcher" [_thread_blocked, id=8788, stack(0x00000000209e0000,0x0000000020ae0000)]
  0x000000001aea9000 JavaThread "Thread-2" daemon [_thread_in_native, id=2640, stack(0x00000000204e0000,0x00000000205e0000)]
  0x000000001aec7800 JavaThread "Abandoned connection cleanup thread" daemon [_thread_blocked, id=2596, stack(0x00000000205e0000,0x00000000206e0000)]
=>0x000000001ae13000 JavaThread "JavaFX Application Thread" [_thread_in_native, id=12744, stack(0x000000001b910000,0x000000001ba10000)]
  0x000000001adf8800 JavaThread "Thread-1" daemon [_thread_blocked, id=10736, stack(0x000000001b810000,0x000000001b910000)]
  0x000000001ade2000 JavaThread "QuantumRenderer-0" daemon [_thread_blocked, id=1012, stack(0x000000001b540000,0x000000001b640000)]
  0x0000000019f8c800 JavaThread "Service Thread" daemon [_thread_blocked, id=6936, stack(0x000000001ab40000,0x000000001ac40000)]
  0x0000000019f74000 JavaThread "C1 CompilerThread3" daemon [_thread_blocked, id=8812, stack(0x000000001aa40000,0x000000001ab40000)]
  0x0000000019f70000 JavaThread "C2 CompilerThread2" daemon [_thread_blocked, id=2252, stack(0x000000001a940000,0x000000001aa40000)]
  0x0000000019f6b000 JavaThread "C2 CompilerThread1" daemon [_thread_blocked, id=6036, stack(0x000000001a840000,0x000000001a940000)]
  0x0000000019f68000 JavaThread "C2 CompilerThread0" daemon [_thread_blocked, id=9964, stack(0x000000001a740000,0x000000001a840000)]
  0x0000000019f66800 JavaThread "Attach Listener" daemon [_thread_blocked, id=3820, stack(0x000000001a640000,0x000000001a740000)]
  0x000000001808e800 JavaThread "Signal Dispatcher" daemon [_thread_blocked, id=9904, stack(0x000000001a540000,0x000000001a640000)]
  0x0000000019f60800 JavaThread "Finalizer" daemon [_thread_blocked, id=6400, stack(0x000000001a340000,0x000000001a440000)]
  0x0000000003217000 JavaThread "Reference Handler" daemon [_thread_blocked, id=7888, stack(0x0000000019e40000,0x0000000019f40000)]
  0x0000000003120800 JavaThread "main" [_thread_blocked, id=2516, stack(0x0000000003020000,0x0000000003120000)]

Other Threads:
  0x0000000018078800 VMThread [stack: 0x0000000019d40000,0x0000000019e40000] [id=13184]
  0x0000000019f8f800 WatcherThread [stack: 0x000000001ac40000,0x000000001ad40000] [id=7196]

VM state:not at safepoint (normal execution)

VM Mutex/Monitor currently owned by a thread: None

Heap:
 PSYoungGen      total 668160K, used 399915K [0x00000000d6900000, 0x00000000fff00000, 0x0000000100000000)
  eden space 659456K, 60% used [0x00000000d6900000,0x00000000eef52f28,0x00000000fed00000)
  from space 8704K, 2% used [0x00000000ff680000,0x00000000ff6b8000,0x00000000fff00000)
  to   space 9216K, 0% used [0x00000000fed00000,0x00000000fed00000,0x00000000ff600000)
 ParOldGen       total 50688K, used 15950K [0x0000000083a00000, 0x0000000086b80000, 0x00000000d6900000)
  object space 50688K, 31% used [0x0000000083a00000,0x0000000084993858,0x0000000086b80000)
 Metaspace       used 26072K, capacity 27008K, committed 27264K, reserved 1073152K
  class space    used 3213K, capacity 3449K, committed 3456K, reserved 1048576K

Card table byte_map: [0x00000000125e0000,0x00000000129d0000] byte_map_base: 0x00000000121c3000

Marking Bits: (ParMarkBitMap*) 0x000000005b7ba6c0
 Begin Bits: [0x0000000013470000, 0x0000000015388000)
 End Bits:   [0x0000000015388000, 0x00000000172a0000)

Polling page: 0x0000000001800000

CodeCache: size=245760Kb used=13093Kb max_used=13129Kb free=232666Kb
 bounds [0x0000000003220000, 0x0000000003f10000, 0x0000000012220000]
 total_blobs=5024 nmethods=4184 adapters=751
 compilation: enabled

Compilation events (10 events):
Event: 63.774 Thread 0x0000000019f74000 nmethod 4645 0x0000000003ec6050 code [0x0000000003ec61a0, 0x0000000003ec62b0]
Event: 63.793 Thread 0x0000000019f74000 4646   !   3       com.sun.webkit.WebPage::updateContent (66 bytes)
Event: 63.793 Thread 0x0000000019f74000 nmethod 4646 0x0000000003ed4110 code [0x0000000003ed4380, 0x0000000003ed5678]
Event: 63.803 Thread 0x0000000019f6b000 4647       4       com.sun.prism.impl.ps.BaseShaderGraphics::setPaint (47 bytes)
Event: 63.807 Thread 0x0000000019f74000 4648       3       com.sun.javafx.webkit.prism.WCGraphicsPrismContext::endTransparencyLayer (43 bytes)
Event: 63.808 Thread 0x0000000019f68000 4649       4       com.sun.javafx.geom.transform.AffineBase::updateState2D (210 bytes)
Event: 63.808 Thread 0x0000000019f6b000 nmethod 4647 0x0000000003ed2010 code [0x0000000003ed2240, 0x0000000003ed2968]
Event: 63.808 Thread 0x0000000019f68000 nmethod 4649 0x0000000003ec5c10 code [0x0000000003ec5da0, 0x0000000003ec5f78]
Event: 63.809 Thread 0x0000000019f74000 nmethod 4648 0x0000000003ee3290 code [0x0000000003ee35a0, 0x0000000003ee4f28]
Event: 63.925 Thread 0x0000000019f70000 nmethod 4641% 0x0000000003eee390 code [0x0000000003eef220, 0x0000000003ef6860]

GC Heap History (10 events):
Event: 53.338 GC heap before
{Heap before GC invocations=13 (full 1):
 PSYoungGen      total 220160K, used 210738K [0x00000000d6900000, 0x00000000ec480000, 0x0000000100000000)
  eden space 209408K, 100% used [0x00000000d6900000,0x00000000e3580000,0x00000000e3580000)
  from space 10752K, 12% used [0x00000000e3580000,0x00000000e36cc970,0x00000000e4000000)
  to   space 10752K, 0% used [0x00000000eba00000,0x00000000eba00000,0x00000000ec480000)
 ParOldGen       total 50688K, used 14637K [0x0000000083a00000, 0x0000000086b80000, 0x00000000d6900000)
  object space 50688K, 28% used [0x0000000083a00000,0x000000008484b660,0x0000000086b80000)
 Metaspace       used 25327K, capacity 26264K, committed 26496K, reserved 1073152K
  class space    used 3204K, capacity 3439K, committed 3456K, reserved 1048576K
Event: 53.339 GC heap after
Heap after GC invocations=13 (full 1):
 PSYoungGen      total 343040K, used 368K [0x00000000d6900000, 0x00000000ec300000, 0x0000000100000000)
  eden space 333824K, 0% used [0x00000000d6900000,0x00000000d6900000,0x00000000eaf00000)
  from space 9216K, 3% used [0x00000000eba00000,0x00000000eba5c010,0x00000000ec300000)
  to   space 10240K, 0% used [0x00000000eaf00000,0x00000000eaf00000,0x00000000eb900000)
 ParOldGen       total 50688K, used 15436K [0x0000000083a00000, 0x0000000086b80000, 0x00000000d6900000)
  object space 50688K, 30% used [0x0000000083a00000,0x0000000084913398,0x0000000086b80000)
 Metaspace       used 25327K, capacity 26264K, committed 26496K, reserved 1073152K
  class space    used 3204K, capacity 3439K, committed 3456K, reserved 1048576K
}
Event: 53.651 GC heap before
{Heap before GC invocations=14 (full 1):
 PSYoungGen      total 343040K, used 334192K [0x00000000d6900000, 0x00000000ec300000, 0x0000000100000000)
  eden space 333824K, 100% used [0x00000000d6900000,0x00000000eaf00000,0x00000000eaf00000)
  from space 9216K, 3% used [0x00000000eba00000,0x00000000eba5c010,0x00000000ec300000)
  to   space 10240K, 0% used [0x00000000eaf00000,0x00000000eaf00000,0x00000000eb900000)
 ParOldGen       total 50688K, used 15436K [0x0000000083a00000, 0x0000000086b80000, 0x00000000d6900000)
  object space 50688K, 30% used [0x0000000083a00000,0x0000000084913398,0x0000000086b80000)
 Metaspace       used 25405K, capacity 26332K, committed 26496K, reserved 1073152K
  class space    used 3204K, capacity 3439K, committed 3456K, reserved 1048576K
Event: 53.653 GC heap after
Heap after GC invocations=14 (full 1):
 PSYoungGen      total 344064K, used 464K [0x00000000d6900000, 0x00000000f8380000, 0x0000000100000000)
  eden space 333824K, 0% used [0x00000000d6900000,0x00000000d6900000,0x00000000eaf00000)
  from space 10240K, 4% used [0x00000000eaf00000,0x00000000eaf74250,0x00000000eb900000)
  to   space 10240K, 0% used [0x00000000f7980000,0x00000000f7980000,0x00000000f8380000)
 ParOldGen       total 50688K, used 15556K [0x0000000083a00000, 0x0000000086b80000, 0x00000000d6900000)
  object space 50688K, 30% used [0x0000000083a00000,0x00000000849313a8,0x0000000086b80000)
 Metaspace       used 25405K, capacity 26332K, committed 26496K, reserved 1073152K
  class space    used 3204K, capacity 3439K, committed 3456K, reserved 1048576K
}
Event: 53.969 GC heap before
{Heap before GC invocations=15 (full 1):
 PSYoungGen      total 344064K, used 334288K [0x00000000d6900000, 0x00000000f8380000, 0x0000000100000000)
  eden space 333824K, 100% used [0x00000000d6900000,0x00000000eaf00000,0x00000000eaf00000)
  from space 10240K, 4% used [0x00000000eaf00000,0x00000000eaf74250,0x00000000eb900000)
  to   space 10240K, 0% used [0x00000000f7980000,0x00000000f7980000,0x00000000f8380000)
 ParOldGen       total 50688K, used 15556K [0x0000000083a00000, 0x0000000086b80000, 0x00000000d6900000)
  object space 50688K, 30% used [0x0000000083a00000,0x00000000849313a8,0x0000000086b80000)
 Metaspace       used 25483K, capacity 26396K, committed 26496K, reserved 1073152K
  class space    used 3204K, capacity 3439K, committed 3456K, reserved 1048576K
Event: 53.970 GC heap after
Heap after GC invocations=15 (full 1):
 PSYoungGen      total 538112K, used 288K [0x00000000d6900000, 0x00000000f8180000, 0x0000000100000000)
  eden space 529920K, 0% used [0x00000000d6900000,0x00000000d6900000,0x00000000f6e80000)
  from space 8192K, 3% used [0x00000000f7980000,0x00000000f79c8000,0x00000000f8180000)
  to   space 9728K, 0% used [0x00000000f6e80000,0x00000000f6e80000,0x00000000f7800000)
 ParOldGen       total 50688K, used 15758K [0x0000000083a00000, 0x0000000086b80000, 0x00000000d6900000)
  object space 50688K, 31% used [0x0000000083a00000,0x0000000084963858,0x0000000086b80000)
 Metaspace       used 25483K, capacity 26396K, committed 26496K, reserved 1073152K
  class space    used 3204K, capacity 3439K, committed 3456K, reserved 1048576K
}
Event: 54.316 GC heap before
{Heap before GC invocations=16 (full 1):
 PSYoungGen      total 538112K, used 530208K [0x00000000d6900000, 0x00000000f8180000, 0x0000000100000000)
  eden space 529920K, 100% used [0x00000000d6900000,0x00000000f6e80000,0x00000000f6e80000)
  from space 8192K, 3% used [0x00000000f7980000,0x00000000f79c8000,0x00000000f8180000)
  to   space 9728K, 0% used [0x00000000f6e80000,0x00000000f6e80000,0x00000000f7800000)
 ParOldGen       total 50688K, used 15758K [0x0000000083a00000, 0x0000000086b80000, 0x00000000d6900000)
  object space 50688K, 31% used [0x0000000083a00000,0x0000000084963858,0x0000000086b80000)
 Metaspace       used 25509K, capacity 26460K, committed 26496K, reserved 1073152K
  class space    used 3204K, capacity 3439K, committed 3456K, reserved 1048576K
Event: 54.318 GC heap after
Heap after GC invocations=16 (full 1):
 PSYoungGen      total 539648K, used 256K [0x00000000d6900000, 0x0000000100000000, 0x0000000100000000)
  eden space 529920K, 0% used [0x00000000d6900000,0x00000000d6900000,0x00000000f6e80000)
  from space 9728K, 2% used [0x00000000f6e80000,0x00000000f6ec0000,0x00000000f7800000)
  to   space 9728K, 0% used [0x00000000ff680000,0x00000000ff680000,0x0000000100000000)
 ParOldGen       total 50688K, used 15886K [0x0000000083a00000, 0x0000000086b80000, 0x00000000d6900000)
  object space 50688K, 31% used [0x0000000083a00000,0x0000000084983858,0x0000000086b80000)
 Metaspace       used 25509K, capacity 26460K, committed 26496K, reserved 1073152K
  class space    used 3204K, capacity 3439K, committed 3456K, reserved 1048576K
}
Event: 54.564 GC heap before
{Heap before GC invocations=17 (full 1):
 PSYoungGen      total 539648K, used 530176K [0x00000000d6900000, 0x0000000100000000, 0x0000000100000000)
  eden space 529920K, 100% used [0x00000000d6900000,0x00000000f6e80000,0x00000000f6e80000)
  from space 9728K, 2% used [0x00000000f6e80000,0x00000000f6ec0000,0x00000000f7800000)
  to   space 9728K, 0% used [0x00000000ff680000,0x00000000ff680000,0x0000000100000000)
 ParOldGen       total 50688K, used 15886K [0x0000000083a00000, 0x0000000086b80000, 0x00000000d6900000)
  object space 50688K, 31% used [0x0000000083a00000,0x0000000084983858,0x0000000086b80000)
 Metaspace       used 25521K, capacity 26460K, committed 26496K, reserved 1073152K
  class space    used 3204K, capacity 3439K, committed 3456K, reserved 1048576K
Event: 54.565 GC heap after
Heap after GC invocations=17 (full 1):
 PSYoungGen      total 668160K, used 224K [0x00000000d6900000, 0x00000000fff00000, 0x0000000100000000)
  eden space 659456K, 0% used [0x00000000d6900000,0x00000000d6900000,0x00000000fed00000)
  from space 8704K, 2% used [0x00000000ff680000,0x00000000ff6b8000,0x00000000fff00000)
  to   space 9216K, 0% used [0x00000000fed00000,0x00000000fed00000,0x00000000ff600000)
 ParOldGen       total 50688K, used 15950K [0x0000000083a00000, 0x0000000086b80000, 0x00000000d6900000)
  object space 50688K, 31% used [0x0000000083a00000,0x0000000084993858,0x0000000086b80000)
 Metaspace       used 25521K, capacity 26460K, committed 26496K, reserved 1073152K
  class space    used 3204K, capacity 3439K, committed 3456K, reserved 1048576K
}

Deoptimization events (10 events):
Event: 60.375 Thread 0x000000001ade2000 Uncommon trap: reason=unstable_if action=reinterpret pc=0x0000000003c09dc4 method=com.sun.javafx.geom.Path2D.needRoom(ZI)V @ 104
Event: 60.375 Thread 0x000000001ade2000 Uncommon trap: reason=unstable_if action=reinterpret pc=0x0000000003a914e0 method=com.sun.javafx.geom.Path2D.needRoom(ZI)V @ 104
Event: 60.376 Thread 0x000000001ade2000 Uncommon trap: reason=unstable_if action=reinterpret pc=0x0000000003ca9fa4 method=com.sun.scenario.effect.impl.ImagePool.checkOut(Lcom/sun/scenario/effect/impl/Renderer;II)Lcom/sun/scenario/effect/impl/PoolFilterable; @ 5
Event: 60.739 Thread 0x000000001ade2000 Uncommon trap: reason=unstable_if action=reinterpret pc=0x00000000038f8b80 method=com.sun.prism.d3d.D3DContext.updateClipRect(Lcom/sun/javafx/geom/Rectangle;)V @ 8
Event: 63.576 Thread 0x000000001ade2000 Uncommon trap: reason=unstable_if action=reinterpret pc=0x0000000003e0bc28 method=com.sun.javafx.geom.transform.AffineBase.updateState2D()V @ 95
Event: 63.576 Thread 0x000000001ade2000 Uncommon trap: reason=unstable_if action=reinterpret pc=0x0000000003c97440 method=com.sun.javafx.geom.transform.AffineBase.updateState2D()V @ 95
Event: 63.576 Thread 0x000000001ade2000 Uncommon trap: reason=unstable_if action=reinterpret pc=0x0000000003c915ac method=com.sun.javafx.geom.transform.AffineBase.updateState2D()V @ 95
Event: 63.576 Thread 0x000000001ade2000 Uncommon trap: reason=unstable_if action=reinterpret pc=0x0000000003c49c00 method=com.sun.javafx.geom.transform.AffineBase.updateState2D()V @ 95
Event: 63.576 Thread 0x000000001ade2000 Uncommon trap: reason=unstable_if action=reinterpret pc=0x0000000003c42848 method=com.sun.javafx.geom.transform.AffineBase.updateState2D()V @ 95
Event: 63.577 Thread 0x000000001ade2000 Uncommon trap: reason=unstable_if action=reinterpret pc=0x0000000003e21678 method=java.lang.Math.round(F)I @ 23

Internal exceptions (10 events):
Event: 52.103 Thread 0x000000001ae13000 Exception <a 'java/io/FileNotFoundException'> (0x00000000da0bf848) thrown at [C:\re\workspace\8-2-build-windows-amd64-cygwin\jdk8u111\7883\hotspot\src\share\vm\prims\jni.cpp, line 709]
Event: 52.119 Thread 0x000000001b173000 Exception <a 'java/lang/ClassNotFoundException': sun/net/www/protocol/data/Handler> (0x00000000d833d580) thrown at [C:\re\workspace\8-2-build-windows-amd64-cygwin\jdk8u111\7883\hotspot\src\share\vm\classfile\systemDictionary.cpp, line 210]
Event: 52.119 Thread 0x0000000024ef1000 Exception <a 'java/lang/ClassNotFoundException': sun/net/www/protocol/data/Handler> (0x00000000d8a7e150) thrown at [C:\re\workspace\8-2-build-windows-amd64-cygwin\jdk8u111\7883\hotspot\src\share\vm\classfile\systemDictionary.cpp, line 210]
Event: 52.120 Thread 0x000000001b173000 Exception <a 'java/lang/ClassNotFoundException': sun/net/www/protocol/data/Handler> (0x00000000d8343368) thrown at [C:\re\workspace\8-2-build-windows-amd64-cygwin\jdk8u111\7883\hotspot\src\share\vm\classfile\systemDictionary.cpp, line 210]
Event: 52.120 Thread 0x0000000024ef1000 Exception <a 'java/lang/ClassNotFoundException': sun/net/www/protocol/data/Handler> (0x00000000d8a834c0) thrown at [C:\re\workspace\8-2-build-windows-amd64-cygwin\jdk8u111\7883\hotspot\src\share\vm\classfile\systemDictionary.cpp, line 210]
Event: 52.166 Thread 0x0000000024ef5800 Implicit null exception at 0x000000000371ef56 to 0x000000000371f046
Event: 52.166 Thread 0x0000000024ef5800 Exception <a 'java/lang/NullPointerException'> (0x00000000da3bc348) thrown at [C:\re\workspace\8-2-build-windows-amd64-cygwin\jdk8u111\7883\hotspot\src\share\vm\runtime\sharedRuntime.cpp, line 605]
Event: 53.308 Thread 0x000000001ae13000 Exception <a 'java/lang/ClassNotFoundException': sun/net/www/protocol/about/Handler> (0x00000000e1902030) thrown at [C:\re\workspace\8-2-build-windows-amd64-cygwin\jdk8u111\7883\hotspot\src\share\vm\classfile\systemDictionary.cpp, line 210]
Event: 54.661 Thread 0x000000001ae13000 Exception <a 'java/lang/IllegalArgumentException': argument type mismatch> (0x00000000d69c0dd0) thrown at [C:\re\workspace\8-2-build-windows-amd64-cygwin\jdk8u111\7883\hotspot\src\share\vm\runtime\reflection.cpp, line 1064]
Event: 54.661 Thread 0x000000001ae13000 Exception <a 'java/lang/IllegalArgumentException'> (0x00000000d69c0dd0) thrown at [C:\re\workspace\8-2-build-windows-amd64-cygwin\jdk8u111\7883\hotspot\src\share\vm\prims\jvm.cpp, line 1390]

Events (10 events):
Event: 64.113 Thread 0x0000000024ef0800 Thread added: 0x0000000024ef0800
Event: 64.113 Thread 0x0000000024ef0800 Thread exited: 0x0000000024ef0800
Event: 64.146 Thread 0x0000000024eec000 Thread added: 0x0000000024eec000
Event: 64.146 Thread 0x0000000024eec000 Thread exited: 0x0000000024eec000
Event: 64.182 Thread 0x0000000024eee000 Thread added: 0x0000000024eee000
Event: 64.182 Thread 0x0000000024eee000 Thread exited: 0x0000000024eee000
Event: 64.213 Thread 0x0000000024eef000 Thread added: 0x0000000024eef000
Event: 64.213 Thread 0x0000000024eef000 Thread exited: 0x0000000024eef000
Event: 64.246 Thread 0x0000000024eee000 Thread added: 0x0000000024eee000
Event: 64.247 Thread 0x0000000024eee000 Thread exited: 0x0000000024eee000


Dynamic libraries:
0x00007ff678ef0000 - 0x00007ff678f27000 	C:\Program Files\Java\jdk1.8.0_111\jre\bin\java.exe
0x00007ffccad50000 - 0x00007ffccaf45000 	C:\Windows\SYSTEM32\ntdll.dll
0x00007ffcca190000 - 0x00007ffcca24d000 	C:\Windows\System32\KERNEL32.DLL
0x00007ffcc8590000 - 0x00007ffcc8859000 	C:\Windows\System32\KERNELBASE.dll
0x00007ffcc9ed0000 - 0x00007ffcc9f7c000 	C:\Windows\System32\ADVAPI32.dll
0x00007ffcc8ff0000 - 0x00007ffcc908e000 	C:\Windows\System32\msvcrt.dll
0x00007ffccaa00000 - 0x00007ffccaa9c000 	C:\Windows\System32\sechost.dll
0x00007ffccaab0000 - 0x00007ffccabdb000 	C:\Windows\System32\RPCRT4.dll
0x00007ffcc9ff0000 - 0x00007ffcca190000 	C:\Windows\System32\USER32.dll
0x00007ffcc8860000 - 0x00007ffcc8882000 	C:\Windows\System32\win32u.dll
0x00007ffcc9910000 - 0x00007ffcc993a000 	C:\Windows\System32\GDI32.dll
0x00007ffcc8c70000 - 0x00007ffcc8d7b000 	C:\Windows\System32\gdi32full.dll
0x00007ffcc89f0000 - 0x00007ffcc8a8d000 	C:\Windows\System32\msvcp_win.dll
0x00007ffcc8af0000 - 0x00007ffcc8bf0000 	C:\Windows\System32\ucrtbase.dll
0x00007ffcb2330000 - 0x00007ffcb25ca000 	C:\Windows\WinSxS\amd64_microsoft.windows.common-controls_6595b64144ccf1df_6.0.19041.844_none_ca00b6081b84eb1d\COMCTL32.dll
0x00007ffcca250000 - 0x00007ffcca280000 	C:\Windows\System32\IMM32.DLL
0x000000005cad0000 - 0x000000005cba2000 	C:\Program Files\Java\jdk1.8.0_111\jre\bin\msvcr100.dll
0x000000005afa0000 - 0x000000005b83a000 	C:\Program Files\Java\jdk1.8.0_111\jre\bin\server\jvm.dll
0x00007ffcc8f60000 - 0x00007ffcc8f68000 	C:\Windows\System32\PSAPI.DLL
0x00007ffcad310000 - 0x00007ffcad319000 	C:\Windows\SYSTEM32\WSOCK32.dll
0x00007ffcc1bd0000 - 0x00007ffcc1bda000 	C:\Windows\SYSTEM32\VERSION.dll
0x00007ffcacdb0000 - 0x00007ffcacdd7000 	C:\Windows\SYSTEM32\WINMM.dll
0x00007ffcc9e60000 - 0x00007ffcc9ecb000 	C:\Windows\System32\WS2_32.dll
0x000000005ca80000 - 0x000000005ca8f000 	C:\Program Files\Java\jdk1.8.0_111\jre\bin\verify.dll
0x000000005ca50000 - 0x000000005ca79000 	C:\Program Files\Java\jdk1.8.0_111\jre\bin\java.dll
0x000000005ca30000 - 0x000000005ca46000 	C:\Program Files\Java\jdk1.8.0_111\jre\bin\zip.dll
0x00007ffcc9090000 - 0x00007ffcc97d2000 	C:\Windows\System32\SHELL32.dll
0x00007ffcc65d0000 - 0x00007ffcc6d60000 	C:\Windows\SYSTEM32\windows.storage.dll
0x00007ffcca430000 - 0x00007ffcca785000 	C:\Windows\System32\combase.dll
0x00007ffcc7f00000 - 0x00007ffcc7f2c000 	C:\Windows\SYSTEM32\Wldp.dll
0x00007ffcc9860000 - 0x00007ffcc990e000 	C:\Windows\System32\SHCORE.dll
0x00007ffccabe0000 - 0x00007ffccac35000 	C:\Windows\System32\shlwapi.dll
0x00007ffcc83d0000 - 0x00007ffcc83ef000 	C:\Windows\SYSTEM32\profapi.dll
0x00007ffca9900000 - 0x00007ffca99ef000 	C:\Program Files\Java\jdk1.8.0_111\jre\bin\msvcr120.dll
0x00007ffc9bb90000 - 0x00007ffc9bc36000 	C:\Program Files\Java\jdk1.8.0_111\jre\bin\msvcp120.dll
0x000000005ad20000 - 0x000000005ad42000 	C:\Program Files\Java\jdk1.8.0_111\jre\bin\prism_d3d.dll
0x00007ffcb7300000 - 0x00007ffcb74cf000 	C:\Windows\system32\d3d9.dll
0x00007ffcc6d70000 - 0x00007ffcc6d82000 	C:\Windows\SYSTEM32\kernel.appcore.dll
0x00007ffcc5e60000 - 0x00007ffcc5e8f000 	C:\Windows\SYSTEM32\dwmapi.dll
0x00007ffcc5ae0000 - 0x00007ffcc5b7e000 	C:\Windows\system32\uxtheme.dll
0x00007ffc823f0000 - 0x00007ffc82553000 	C:\Windows\System32\DriverStore\FileRepository\iigd_dch.inf_amd64_aa88138229517429\igdumdim64.dll
0x00007ffc78b50000 - 0x00007ffc7c554000 	C:\Windows\System32\DriverStore\FileRepository\iigd_dch.inf_amd64_aa88138229517429\igd9dxva64.dll
0x00007ffcca870000 - 0x00007ffcca99a000 	C:\Windows\System32\ole32.dll
0x00007ffccac40000 - 0x00007ffccad0d000 	C:\Windows\System32\OLEAUT32.dll
0x00007ffcc9940000 - 0x00007ffcc9da9000 	C:\Windows\System32\SETUPAPI.dll
0x00007ffcc8490000 - 0x00007ffcc84de000 	C:\Windows\System32\cfgmgr32.dll
0x00007ffcc8d80000 - 0x00007ffcc8da7000 	C:\Windows\System32\bcrypt.dll
0x00007ffcbbf50000 - 0x00007ffcbc18f000 	C:\Windows\System32\DriverStore\FileRepository\iigd_dch.inf_amd64_aa88138229517429\igdgmm64.dll
0x000000005acd0000 - 0x000000005ad13000 	C:\Program Files\Java\jdk1.8.0_111\jre\bin\glass.dll
0x00007ffcca790000 - 0x00007ffcca86a000 	C:\Windows\System32\COMDLG32.dll
0x00007ffcc8db0000 - 0x00007ffcc8ec5000 	C:\Windows\System32\MSCTF.dll
0x00007ffcc8bf0000 - 0x00007ffcc8c70000 	C:\Windows\System32\bcryptPrimitives.dll
0x00007ffc823c0000 - 0x00007ffc823e7000 	C:\Windows\System32\DriverStore\FileRepository\iigd_dch.inf_amd64_aa88138229517429\igdinfo64.dll
0x00007ffcb92e0000 - 0x00007ffcbbf42000 	C:\Windows\System32\DriverStore\FileRepository\iigd_dch.inf_amd64_aa88138229517429\igc64.dll
0x00007ffcbecd0000 - 0x00007ffcbed0b000 	C:\Windows\SYSTEM32\dxcore.dll
0x000000005ca10000 - 0x000000005ca2a000 	C:\Program Files\Java\jdk1.8.0_111\jre\bin\net.dll
0x00007ffcc7c80000 - 0x00007ffcc7cea000 	C:\Windows\system32\mswsock.dll
0x00007ffcc7960000 - 0x00007ffcc7a2b000 	C:\Windows\SYSTEM32\DNSAPI.dll
0x00007ffcc7920000 - 0x00007ffcc795b000 	C:\Windows\SYSTEM32\IPHLPAPI.DLL
0x00007ffcc9fe0000 - 0x00007ffcc9fe8000 	C:\Windows\System32\NSI.dll
0x00007ffcb22c0000 - 0x00007ffcb22ca000 	C:\Windows\System32\rasadhlp.dll
0x00007ffcb5730000 - 0x00007ffcb57af000 	C:\Windows\System32\fwpuclnt.dll
0x0000000058730000 - 0x000000005acc1000 	C:\Program Files\Java\jdk1.8.0_111\jre\bin\jfxwebkit.dll
0x00007ffcc7e50000 - 0x00007ffcc7e68000 	C:\Windows\SYSTEM32\CRYPTSP.dll
0x00007ffcc75b0000 - 0x00007ffcc75e4000 	C:\Windows\system32\rsaenh.dll
0x00007ffcc7e70000 - 0x00007ffcc7e7c000 	C:\Windows\SYSTEM32\CRYPTBASE.dll
0x000000005c970000 - 0x000000005c984000 	C:\Program Files\Java\jdk1.8.0_111\jre\bin\javafx_font.dll
0x00007ffcb77e0000 - 0x00007ffcb7a5f000 	C:\Windows\SYSTEM32\dwrite.dll
0x00007ffcc9db0000 - 0x00007ffcc9e59000 	C:\Windows\System32\clbcatq.dll
0x00007ffcc1360000 - 0x00007ffcc1514000 	C:\Windows\SYSTEM32\WindowsCodecs.dll
0x00007ffc9d4b0000 - 0x00007ffc9d4ee000 	C:\Windows\system32\dataexchange.dll
0x00007ffcc4dd0000 - 0x00007ffcc4fb7000 	C:\Windows\system32\dcomp.dll
0x00007ffcc3e90000 - 0x00007ffcc40f4000 	C:\Windows\system32\d3d11.dll
0x00007ffcc6de0000 - 0x00007ffcc6ed3000 	C:\Windows\system32\dxgi.dll
0x00007ffcc16d0000 - 0x00007ffcc18d1000 	C:\Windows\system32\twinapi.appcore.dll
0x00007ffc82300000 - 0x00007ffc82334000 	C:\Program Files\Common Files\Microsoft Shared\Ink\rtscom.dll
0x00007ffcbc7d0000 - 0x00007ffcbc8cb000 	C:\Windows\SYSTEM32\textinputframework.dll
0x00007ffcc5340000 - 0x00007ffcc569e000 	C:\Windows\System32\CoreUIComponents.dll
0x00007ffcc5780000 - 0x00007ffcc5872000 	C:\Windows\System32\CoreMessaging.dll
0x00007ffcc71e0000 - 0x00007ffcc7213000 	C:\Windows\SYSTEM32\ntmarta.dll
0x00007ffcc4c70000 - 0x00007ffcc4dc4000 	C:\Windows\SYSTEM32\wintypes.dll
0x0000000058710000 - 0x0000000058721000 	C:\Program Files\Java\jdk1.8.0_111\jre\bin\prism_common.dll
0x000000005c9f0000 - 0x000000005ca01000 	C:\Program Files\Java\jdk1.8.0_111\jre\bin\nio.dll
0x00000000586e0000 - 0x0000000058704000 	C:\Program Files\Java\jdk1.8.0_111\jre\bin\sunec.dll
0x00007ffcc8390000 - 0x00007ffcc83be000 	C:\Windows\SYSTEM32\USERENV.dll
0x00007ffcc0510000 - 0x00007ffcc0527000 	C:\Windows\SYSTEM32\dhcpcsvc6.DLL
0x00007ffcc0930000 - 0x00007ffcc094d000 	C:\Windows\SYSTEM32\dhcpcsvc.DLL
0x00000000586d0000 - 0x00000000586db000 	C:\Program Files\Java\jdk1.8.0_111\jre\bin\sunmscapi.dll
0x00007ffcc8890000 - 0x00007ffcc89ef000 	C:\Windows\System32\CRYPT32.dll
0x0000000058650000 - 0x00000000586c3000 	C:\Program Files\Java\jdk1.8.0_111\jre\bin\glib-lite.dll
0x00000000585b0000 - 0x000000005864c000 	C:\Program Files\Java\jdk1.8.0_111\jre\bin\gstreamer-lite.dll
0x00007ffc9a990000 - 0x00007ffc9aa2c000 	C:\Windows\SYSTEM32\DSOUND.dll
0x00007ffcc7a40000 - 0x00007ffcc7a8b000 	C:\Windows\SYSTEM32\powrprof.dll
0x00007ffcab800000 - 0x00007ffcab826000 	C:\Windows\SYSTEM32\winmmbase.dll
0x00007ffcc7900000 - 0x00007ffcc7912000 	C:\Windows\SYSTEM32\UMPDC.dll
0x0000000058580000 - 0x00000000585a5000 	C:\Program Files\Java\jdk1.8.0_111\jre\bin\jfxmedia.dll
0x000000005ae00000 - 0x000000005af98000 	C:\Program Files\Java\jdk1.8.0_111\jre\bin\awt.dll
0x00007ffcc59b0000 - 0x00007ffcc5a40000 	C:\Windows\SYSTEM32\apphelp.dll
0x00007ffcc8350000 - 0x00007ffcc838c000 	C:\Windows\SYSTEM32\SspiCli.dll
0x0000000058540000 - 0x0000000058571000 	C:\Program Files\Java\jdk1.8.0_111\jre\bin\fxplugins.dll
0x00007ffc97420000 - 0x00007ffc9769b000 	C:\Windows\System32\msmpeg2vdec.dll
0x00007ffcc2590000 - 0x00007ffcc274c000 	C:\Windows\System32\MFPlat.DLL
0x00007ffc97cf0000 - 0x00007ffc97e1d000 	C:\Windows\System32\mfperfhelper.dll
0x00007ffcc2350000 - 0x00007ffcc2380000 	C:\Windows\System32\RTWorkQ.DLL
0x00007ffcc1c70000 - 0x00007ffcc1ca7000 	C:\Windows\System32\CompPkgSup.DLL
0x00007ffc9b740000 - 0x00007ffc9b886000 	C:\Windows\System32\Windows.StateRepositoryPS.dll
0x00007ffc9a880000 - 0x00007ffc9a987000 	C:\Windows\System32\msmpeg2adec.dll
0x00007ffcc1dd0000 - 0x00007ffcc1e55000 	C:\Windows\System32\MMDevApi.dll
0x00007ffcc8240000 - 0x00007ffcc826c000 	C:\Windows\System32\DEVOBJ.dll
0x00007ffcc1e60000 - 0x00007ffcc1fe5000 	C:\Windows\SYSTEM32\AUDIOSES.DLL
0x00007ffcc5c60000 - 0x00007ffcc5c74000 	C:\Windows\SYSTEM32\resourcepolicyclient.dll
0x00007ffcc22a0000 - 0x00007ffcc22aa000 	C:\Windows\SYSTEM32\avrt.dll
0x00007ffc97250000 - 0x00007ffc97420000 	C:\Windows\System32\quartz.dll
0x00007ffcbc910000 - 0x00007ffcbca51000 	C:\Windows\System32\Windows.UI.dll
0x00007ffcbc670000 - 0x00007ffcbc7c2000 	C:\Windows\System32\InputHost.dll
0x00007ffcc1d20000 - 0x00007ffcc1dc1000 	C:\Windows\System32\WindowManagementAPI.dll
0x00007ffcc3ac0000 - 0x00007ffcc3bb7000 	C:\Windows\System32\PROPSYS.dll
0x00007ffcc6190000 - 0x00007ffcc6374000 	C:\Windows\SYSTEM32\dbghelp.dll

VM Arguments:
jvm_args: -Dfile.encoding=UTF-8 
java_command: C:\Users\DELL\Desktop\myAssistant\dist\run1164684151\myAssistant.jar
java_class_path (initial): C:\Users\DELL\Desktop\myAssistant\dist\run1164684151\myAssistant.jar
Launcher Type: SUN_STANDARD

Environment Variables:
JAVA_HOME=C:\Program Files\Java\jdk-15.0.2
PATH=C:\ProgramData\Oracle\Java\javapath;C:\Program Files\Common Files\Oracle\Java\javapath;C:\Windows\system32;C:\Windows;C:\Windows\System32\Wbem;C:\Windows\System32\WindowsPowerShell\v1.0\;C:\Windows\System32\OpenSSH\;C:\Program Files\NVIDIA Corporation\NVIDIA NvDLISR;C:\Program Files\Java\jdk-15.0.2\bin;C:\Program Files\Java\javafx-sdk-15.0.1\lib;C:\Program Files\Java\jdk1.8.0_111\bin;C:\Program Files\Java\jre1.8.0_111\bin;C:\Program Files\CodeBlocks\MinGW\bin;C:\Users\DELL\AppData\Local\Microsoft\WindowsApps;
USERNAME=DELL
OS=Windows_NT
PROCESSOR_IDENTIFIER=Intel64 Family 6 Model 126 Stepping 5, GenuineIntel



---------------  S Y S T E M  ---------------

OS: Windows 10.0 , 64 bit Build 19041 (10.0.19041.804)

CPU:total 8 (4 cores per cpu, 2 threads per core) family 6 model 126 stepping 5, cmov, cx8, fxsr, mmx, sse, sse2, sse3, ssse3, sse4.1, sse4.2, popcnt, avx, avx2, aes, clmul, erms, 3dnowpref, lzcnt, ht, tsc, tscinvbit, bmi1, bmi2, adx

Memory: 4k page, physical 8150496k(2809416k free), swap 11427296k(3740788k free)

vm_info: Java HotSpot(TM) 64-Bit Server VM (25.111-b14) for windows-amd64 JRE (1.8.0_111-b14), built on Sep 22 2016 19:24:05 by "java_re" with MS VC++ 10.0 (VS2010)

time: Sat Mar 20 16:32:27 2021
elapsed time: 64 seconds (0d 0h 1m 4s)

